
> frontend@0.0.0 build
> tsc -b && vite build

src/components/ProgressiveMessage.tsx(3,27): error TS2307: Cannot find module 'react-markdown' or its corresponding type declarations.
src/components/ProgressiveMessage.tsx(124,18): error TS7031: Binding element 'node' implicitly has an 'any' type.
src/components/ProgressiveMessage.tsx(125,19): error TS7031: Binding element 'node' implicitly has an 'any' type.
src/components/ProgressiveMessage.tsx(126,19): error TS7031: Binding element 'node' implicitly has an 'any' type.
src/components/ProgressiveMessage.tsx(127,19): error TS7031: Binding element 'node' implicitly has an 'any' type.
src/components/ProgressiveMessage.tsx(128,19): error TS7031: Binding element 'node' implicitly has an 'any' type.
src/components/ProgressiveMessage.tsx(129,19): error TS7031: Binding element 'node' implicitly has an 'any' type.
src/components/ProgressiveMessage.tsx(130,19): error TS7031: Binding element 'node' implicitly has an 'any' type.
src/components/ProgressiveMessage.tsx(131,21): error TS7031: Binding element 'node' implicitly has an 'any' type.
src/components/ProgressiveMessage.tsx(151,23): error TS7031: Binding element 'node' implicitly has an 'any' type.
src/components/ProgressiveMessage.tsx(152,19): error TS7031: Binding element 'node' implicitly has an 'any' type.
src/components/ProgressiveMessage.tsx(153,27): error TS7031: Binding element 'node' implicitly has an 'any' type.
src/components/ProgressiveMessage.tsx(162,18): error TS7031: Binding element 'node' implicitly has an 'any' type.
src/lib/motion-tokens.ts(13,43): error TS2307: Cannot find module 'framer-motion' or its corresponding type declarations.
